This file contains any messages produced by compilers while
running configure, to aid debugging if configure makes a mistake.

It was created by virt-backup configure 0.0.1, which was
generated by GNU Autoconf 2.66.  Invocation command line was

  $ ./configure --prefix=/home/mig/builder

## --------- ##
## Platform. ##
## --------- ##

hostname = mig-laptop.brq.redhat.com
uname -m = i686
uname -r = 2.6.33.8-149.fc13.i686
uname -s = Linux
uname -v = #1 SMP Tue Aug 17 22:45:56 UTC 2010

/usr/bin/uname -p = unknown
/bin/uname -X     = unknown

/bin/arch              = i686
/usr/bin/arch -k       = unknown
/usr/convex/getsysinfo = unknown
/usr/bin/hostinfo      = unknown
/bin/machine           = unknown
/usr/bin/oslevel       = unknown
/bin/universe          = unknown

PATH: /usr/lib/qt-3.3/bin
PATH: /usr/kerberos/sbin
PATH: /usr/kerberos/bin
PATH: /usr/lib/ccache
PATH: /usr/local/bin
PATH: /usr/bin
PATH: /bin
PATH: /usr/local/sbin
PATH: /usr/sbin
PATH: /sbin
PATH: /home/mig/Personal/Java/WTK2.5.2/bin
PATH: /home/mig/chrome/depot_tools
PATH: /home/mig/Work/kvm-downstream/aris-tools
PATH: /home/mig/Work/kvm-downstream/virt-maint-tools/bin
PATH: /home/mig/bin
PATH: /home/mig/Personal/Java/WTK2.5.2/bin
PATH: /home/mig/chrome/depot_tools
PATH: /home/mig/Work/kvm-downstream/aris-tools
PATH: /home/mig/Work/kvm-downstream/virt-maint-tools/bin


## ----------- ##
## Core tests. ##
## ----------- ##

configure:2097: checking for a BSD-compatible install
configure:2165: result: /usr/bin/install -c
configure:2176: checking whether build environment is sane
configure:2226: result: yes
configure:2367: checking for a thread-safe mkdir -p
configure:2406: result: /bin/mkdir -p
configure:2419: checking for gawk
configure:2435: found /usr/bin/gawk
configure:2446: result: gawk
configure:2457: checking whether make sets $(MAKE)
configure:2479: result: yes
configure:2607: checking for gcc
configure:2623: found /usr/lib/ccache/gcc
configure:2634: result: gcc
configure:2863: checking for C compiler version
configure:2872: gcc --version >&5
gcc (GCC) 4.5.1 20100924 (Red Hat 4.5.1-4)
Copyright (C) 2010 Free Software Foundation, Inc.
This is free software; see the source for copying conditions.  There is NO
warranty; not even for MERCHANTABILITY or FITNESS FOR A PARTICULAR PURPOSE.

configure:2883: $? = 0
configure:2872: gcc -v >&5
Using built-in specs.
COLLECT_GCC=/usr/bin/gcc
COLLECT_LTO_WRAPPER=/usr/libexec/gcc/i686-redhat-linux/4.5.1/lto-wrapper
Target: i686-redhat-linux
Configured with: ../configure --prefix=/usr --mandir=/usr/share/man --infodir=/usr/share/info --with-bugurl=http://bugzilla.redhat.com/bugzilla --enable-bootstrap --enable-shared --enable-threads=posix --enable-checking=release --with-system-zlib --enable-__cxa_atexit --disable-libunwind-exceptions --enable-gnu-unique-object --enable-linker-build-id --enable-languages=c,c++,objc,obj-c++,java,fortran,ada,lto --enable-plugin --enable-java-awt=gtk --disable-dssi --with-java-home=/usr/lib/jvm/java-1.5.0-gcj-1.5.0.0/jre --enable-libgcj-multifile --enable-java-maintainer-mode --with-ecj-jar=/usr/share/java/eclipse-ecj.jar --disable-libjava-multilib --with-ppl --with-cloog --with-tune=generic --with-arch=i686 --build=i686-redhat-linux
Thread model: posix
gcc version 4.5.1 20100924 (Red Hat 4.5.1-4) (GCC) 
configure:2883: $? = 0
configure:2872: gcc -V >&5
gcc: '-V' option must have argument
configure:2883: $? = 1
configure:2872: gcc -qversion >&5
gcc: unrecognized option '-qversion'
gcc: no input files
configure:2883: $? = 1
configure:2903: checking whether the C compiler works
configure:2925: gcc    conftest.c  >&5
configure:2929: $? = 0
configure:2977: result: yes
configure:2980: checking for C compiler default output file name
configure:2982: result: a.out
configure:2988: checking for suffix of executables
configure:2995: gcc -o conftest    conftest.c  >&5
configure:2999: $? = 0
configure:3021: result: 
configure:3043: checking whether we are cross compiling
configure:3051: gcc -o conftest    conftest.c  >&5
configure:3055: $? = 0
configure:3062: ./conftest
configure:3066: $? = 0
configure:3081: result: no
configure:3086: checking for suffix of object files
configure:3108: gcc -c   conftest.c >&5
configure:3112: $? = 0
configure:3133: result: o
configure:3137: checking whether we are using the GNU C compiler
configure:3156: gcc -c   conftest.c >&5
configure:3156: $? = 0
configure:3165: result: yes
configure:3174: checking whether gcc accepts -g
configure:3194: gcc -c -g  conftest.c >&5
configure:3194: $? = 0
configure:3235: result: yes
configure:3252: checking for gcc option to accept ISO C89
configure:3316: gcc  -c -g -O2  conftest.c >&5
configure:3316: $? = 0
configure:3329: result: none needed
configure:3360: checking for style of include used by make
configure:3388: result: GNU
configure:3413: checking dependency style of gcc
configure:3523: result: gcc3
configure:3539: checking whether gcc and cc understand -c and -o together
configure:3570: gcc -c conftest.c -o conftest2.o >&5
configure:3574: $? = 0
configure:3580: gcc -c conftest.c -o conftest2.o >&5
configure:3584: $? = 0
configure:3595: cc -c conftest.c >&5
configure:3599: $? = 0
configure:3607: cc -c conftest.c -o conftest2.o >&5
configure:3611: $? = 0
configure:3617: cc -c conftest.c -o conftest2.o >&5
configure:3621: $? = 0
configure:3639: result: yes
configure:3665: checking for virConnectOpen in -lvirt
configure:3690: gcc -o conftest -g -O2   conftest.c -lvirt   >&5
configure:3690: $? = 0
configure:3699: result: yes
configure:3712: checking for xmlParseFile in -lxml2
configure:3737: gcc -o conftest -g -O2   conftest.c -lxml2  -lvirt  >&5
configure:3737: $? = 0
configure:3746: result: yes
configure:3759: checking for blkid_get_dev in -lblkid
configure:3784: gcc -o conftest -g -O2   conftest.c -lblkid  -lxml2 -lvirt  >&5
configure:3784: $? = 0
configure:3793: result: yes
configure:3806: checking for lzma_stream_decoder in -llzma
configure:3831: gcc -o conftest -g -O2   conftest.c -llzma  -lblkid -lxml2 -lvirt  >&5
configure:3831: $? = 0
configure:3840: result: yes
configure:3851: checking for pci_scan_bus in -lpci
configure:3876: gcc -o conftest -g -O2   conftest.c -lpci  -llzma -lblkid -lxml2 -lvirt  >&5
configure:3876: $? = 0
configure:3885: result: yes
configure:3901: checking how to run the C preprocessor
configure:3932: gcc -E  conftest.c
configure:3932: $? = 0
configure:3946: gcc -E  conftest.c
conftest.c:16:28: fatal error: ac_nonexistent.h: No such file or directory
compilation terminated.
configure:3946: $? = 1
configure: failed program was:
| /* confdefs.h */
| #define PACKAGE_NAME "virt-backup"
| #define PACKAGE_TARNAME "virt-backup"
| #define PACKAGE_VERSION "0.0.1"
| #define PACKAGE_STRING "virt-backup 0.0.1"
| #define PACKAGE_BUGREPORT "minovotn@redhat.com"
| #define PACKAGE_URL ""
| #define PACKAGE "virt-backup"
| #define VERSION "0.0.1"
| #define HAVE_LIBVIRT 1
| #define HAVE_LIBXML2 1
| #define HAVE_LIBBLKID 1
| #define HAVE_LIBLZMA 1
| #define HAVE_LIBPCI 1
| /* end confdefs.h.  */
| #include <ac_nonexistent.h>
configure:3971: result: gcc -E
configure:3991: gcc -E  conftest.c
configure:3991: $? = 0
configure:4005: gcc -E  conftest.c
conftest.c:16:28: fatal error: ac_nonexistent.h: No such file or directory
compilation terminated.
configure:4005: $? = 1
configure: failed program was:
| /* confdefs.h */
| #define PACKAGE_NAME "virt-backup"
| #define PACKAGE_TARNAME "virt-backup"
| #define PACKAGE_VERSION "0.0.1"
| #define PACKAGE_STRING "virt-backup 0.0.1"
| #define PACKAGE_BUGREPORT "minovotn@redhat.com"
| #define PACKAGE_URL ""
| #define PACKAGE "virt-backup"
| #define VERSION "0.0.1"
| #define HAVE_LIBVIRT 1
| #define HAVE_LIBXML2 1
| #define HAVE_LIBBLKID 1
| #define HAVE_LIBLZMA 1
| #define HAVE_LIBPCI 1
| /* end confdefs.h.  */
| #include <ac_nonexistent.h>
configure:4034: checking for grep that handles long lines and -e
configure:4092: result: /bin/grep
configure:4097: checking for egrep
configure:4159: result: /bin/grep -E
configure:4164: checking for ANSI C header files
configure:4184: gcc -c -g -O2  conftest.c >&5
configure:4184: $? = 0
configure:4257: gcc -o conftest -g -O2   conftest.c -lpci -llzma -lblkid -lxml2 -lvirt  >&5
configure:4257: $? = 0
configure:4257: ./conftest
configure:4257: $? = 0
configure:4268: result: yes
configure:4281: checking for sys/types.h
configure:4281: gcc -c -g -O2  conftest.c >&5
configure:4281: $? = 0
configure:4281: result: yes
configure:4281: checking for sys/stat.h
configure:4281: gcc -c -g -O2  conftest.c >&5
configure:4281: $? = 0
configure:4281: result: yes
configure:4281: checking for stdlib.h
configure:4281: gcc -c -g -O2  conftest.c >&5
configure:4281: $? = 0
configure:4281: result: yes
configure:4281: checking for string.h
configure:4281: gcc -c -g -O2  conftest.c >&5
configure:4281: $? = 0
configure:4281: result: yes
configure:4281: checking for memory.h
configure:4281: gcc -c -g -O2  conftest.c >&5
configure:4281: $? = 0
configure:4281: result: yes
configure:4281: checking for strings.h
configure:4281: gcc -c -g -O2  conftest.c >&5
configure:4281: $? = 0
configure:4281: result: yes
configure:4281: checking for inttypes.h
configure:4281: gcc -c -g -O2  conftest.c >&5
configure:4281: $? = 0
configure:4281: result: yes
configure:4281: checking for stdint.h
configure:4281: gcc -c -g -O2  conftest.c >&5
configure:4281: $? = 0
configure:4281: result: yes
configure:4281: checking for unistd.h
configure:4281: gcc -c -g -O2  conftest.c >&5
configure:4281: $? = 0
configure:4281: result: yes
configure:4295: checking libxml/parser.h usability
configure:4295: gcc -c -g -O2  conftest.c >&5
conftest.c:59:27: fatal error: libxml/parser.h: No such file or directory
compilation terminated.
configure:4295: $? = 1
configure: failed program was:
| /* confdefs.h */
| #define PACKAGE_NAME "virt-backup"
| #define PACKAGE_TARNAME "virt-backup"
| #define PACKAGE_VERSION "0.0.1"
| #define PACKAGE_STRING "virt-backup 0.0.1"
| #define PACKAGE_BUGREPORT "minovotn@redhat.com"
| #define PACKAGE_URL ""
| #define PACKAGE "virt-backup"
| #define VERSION "0.0.1"
| #define HAVE_LIBVIRT 1
| #define HAVE_LIBXML2 1
| #define HAVE_LIBBLKID 1
| #define HAVE_LIBLZMA 1
| #define HAVE_LIBPCI 1
| #define STDC_HEADERS 1
| #define HAVE_SYS_TYPES_H 1
| #define HAVE_SYS_STAT_H 1
| #define HAVE_STDLIB_H 1
| #define HAVE_STRING_H 1
| #define HAVE_MEMORY_H 1
| #define HAVE_STRINGS_H 1
| #define HAVE_INTTYPES_H 1
| #define HAVE_STDINT_H 1
| #define HAVE_UNISTD_H 1
| /* end confdefs.h.  */
| #include <stdio.h>
| #ifdef HAVE_SYS_TYPES_H
| # include <sys/types.h>
| #endif
| #ifdef HAVE_SYS_STAT_H
| # include <sys/stat.h>
| #endif
| #ifdef STDC_HEADERS
| # include <stdlib.h>
| # include <stddef.h>
| #else
| # ifdef HAVE_STDLIB_H
| #  include <stdlib.h>
| # endif
| #endif
| #ifdef HAVE_STRING_H
| # if !defined STDC_HEADERS && defined HAVE_MEMORY_H
| #  include <memory.h>
| # endif
| # include <string.h>
| #endif
| #ifdef HAVE_STRINGS_H
| # include <strings.h>
| #endif
| #ifdef HAVE_INTTYPES_H
| # include <inttypes.h>
| #endif
| #ifdef HAVE_STDINT_H
| # include <stdint.h>
| #endif
| #ifdef HAVE_UNISTD_H
| # include <unistd.h>
| #endif
| #include <libxml/parser.h>
configure:4295: result: no
configure:4295: checking libxml/parser.h presence
configure:4295: gcc -E  conftest.c
conftest.c:26:27: fatal error: libxml/parser.h: No such file or directory
compilation terminated.
configure:4295: $? = 1
configure: failed program was:
| /* confdefs.h */
| #define PACKAGE_NAME "virt-backup"
| #define PACKAGE_TARNAME "virt-backup"
| #define PACKAGE_VERSION "0.0.1"
| #define PACKAGE_STRING "virt-backup 0.0.1"
| #define PACKAGE_BUGREPORT "minovotn@redhat.com"
| #define PACKAGE_URL ""
| #define PACKAGE "virt-backup"
| #define VERSION "0.0.1"
| #define HAVE_LIBVIRT 1
| #define HAVE_LIBXML2 1
| #define HAVE_LIBBLKID 1
| #define HAVE_LIBLZMA 1
| #define HAVE_LIBPCI 1
| #define STDC_HEADERS 1
| #define HAVE_SYS_TYPES_H 1
| #define HAVE_SYS_STAT_H 1
| #define HAVE_STDLIB_H 1
| #define HAVE_STRING_H 1
| #define HAVE_MEMORY_H 1
| #define HAVE_STRINGS_H 1
| #define HAVE_INTTYPES_H 1
| #define HAVE_STDINT_H 1
| #define HAVE_UNISTD_H 1
| /* end confdefs.h.  */
| #include <libxml/parser.h>
configure:4295: result: no
configure:4295: checking for libxml/parser.h
configure:4295: result: no
configure:4310: checking for pkg-config
configure:4326: found /usr/bin/pkg-config
configure:4337: result: pkg-config
configure:4537: creating ./config.status

## ---------------------- ##
## Running config.status. ##
## ---------------------- ##

This file was extended by virt-backup config.status 0.0.1, which was
generated by GNU Autoconf 2.66.  Invocation command line was

  CONFIG_FILES    = 
  CONFIG_HEADERS  = 
  CONFIG_LINKS    = 
  CONFIG_COMMANDS = 
  $ ./config.status 

on mig-laptop.brq.redhat.com

config.status:859: creating Makefile
config.status:859: creating src/Makefile
config.status:859: creating config.h
config.status:1087: executing depfiles commands

## ---------------- ##
## Cache variables. ##
## ---------------- ##

ac_cv_c_compiler_gnu=yes
ac_cv_env_CC_set=
ac_cv_env_CC_value=
ac_cv_env_CFLAGS_set=
ac_cv_env_CFLAGS_value=
ac_cv_env_CPPFLAGS_set=
ac_cv_env_CPPFLAGS_value=
ac_cv_env_CPP_set=
ac_cv_env_CPP_value=
ac_cv_env_LDFLAGS_set=
ac_cv_env_LDFLAGS_value=
ac_cv_env_LIBS_set=
ac_cv_env_LIBS_value=
ac_cv_env_build_alias_set=
ac_cv_env_build_alias_value=
ac_cv_env_host_alias_set=
ac_cv_env_host_alias_value=
ac_cv_env_target_alias_set=
ac_cv_env_target_alias_value=
ac_cv_header_inttypes_h=yes
ac_cv_header_libxml_parser_h=no
ac_cv_header_memory_h=yes
ac_cv_header_stdc=yes
ac_cv_header_stdint_h=yes
ac_cv_header_stdlib_h=yes
ac_cv_header_string_h=yes
ac_cv_header_strings_h=yes
ac_cv_header_sys_stat_h=yes
ac_cv_header_sys_types_h=yes
ac_cv_header_unistd_h=yes
ac_cv_lib_blkid_blkid_get_dev=yes
ac_cv_lib_lzma_lzma_stream_decoder=yes
ac_cv_lib_pci_pci_scan_bus=yes
ac_cv_lib_virt_virConnectOpen=yes
ac_cv_lib_xml2_xmlParseFile=yes
ac_cv_objext=o
ac_cv_path_EGREP='/bin/grep -E'
ac_cv_path_GREP=/bin/grep
ac_cv_path_install='/usr/bin/install -c'
ac_cv_path_mkdir=/bin/mkdir
ac_cv_prog_AWK=gawk
ac_cv_prog_CPP='gcc -E'
ac_cv_prog_PKGCONFIG=pkg-config
ac_cv_prog_ac_ct_CC=gcc
ac_cv_prog_cc_c89=
ac_cv_prog_cc_g=yes
ac_cv_prog_cc_gcc_c_o=yes
ac_cv_prog_make_make_set=yes
am_cv_CC_dependencies_compiler_type=gcc3

## ----------------- ##
## Output variables. ##
## ----------------- ##

ACLOCAL='${SHELL} /home/mig/Work/Interest/myPackages/virt-backup/missing --run aclocal-1.11'
AMDEPBACKSLASH='\'
AMDEP_FALSE='#'
AMDEP_TRUE=''
AMTAR='${SHELL} /home/mig/Work/Interest/myPackages/virt-backup/missing --run tar'
AUTOCONF='${SHELL} /home/mig/Work/Interest/myPackages/virt-backup/missing --run autoconf'
AUTOHEADER='${SHELL} /home/mig/Work/Interest/myPackages/virt-backup/missing --run autoheader'
AUTOMAKE='${SHELL} /home/mig/Work/Interest/myPackages/virt-backup/missing --run automake-1.11'
AWK='gawk'
CC='gcc'
CCDEPMODE='depmode=gcc3'
CFLAGS='-g -O2'
CPP='gcc -E'
CPPFLAGS=''
CYGPATH_W='echo'
DEFS='-DHAVE_CONFIG_H'
DEPDIR='.deps'
ECHO_C=''
ECHO_N='-n'
ECHO_T=''
EGREP='/bin/grep -E'
EXEEXT=''
GREP='/bin/grep'
INSTALL_DATA='${INSTALL} -m 644'
INSTALL_PROGRAM='${INSTALL}'
INSTALL_SCRIPT='${INSTALL}'
INSTALL_STRIP_PROGRAM='$(install_sh) -c -s'
LDFLAGS=''
LIBOBJS=''
LIBS='-lpci -llzma -lblkid -lxml2 -lvirt '
LTLIBOBJS=''
MAKEINFO='${SHELL} /home/mig/Work/Interest/myPackages/virt-backup/missing --run makeinfo'
MKDIR_P='/bin/mkdir -p'
OBJEXT='o'
PACKAGE='virt-backup'
PACKAGE_BUGREPORT='minovotn@redhat.com'
PACKAGE_NAME='virt-backup'
PACKAGE_STRING='virt-backup 0.0.1'
PACKAGE_TARNAME='virt-backup'
PACKAGE_URL=''
PACKAGE_VERSION='0.0.1'
PATH_SEPARATOR=':'
PKGCONFIG='pkg-config'
SET_MAKE=''
SHELL='/bin/sh'
STRIP=''
USE_PKGCONFIG_FALSE='#'
USE_PKGCONFIG_TRUE=''
VERSION='0.0.1'
ac_ct_CC='gcc'
am__EXEEXT_FALSE=''
am__EXEEXT_TRUE='#'
am__fastdepCC_FALSE='#'
am__fastdepCC_TRUE=''
am__include='include'
am__isrc=''
am__leading_dot='.'
am__quote=''
am__tar='${AMTAR} chof - "$$tardir"'
am__untar='${AMTAR} xf -'
bindir='${exec_prefix}/bin'
build_alias=''
datadir='${datarootdir}'
datarootdir='${prefix}/share'
docdir='${datarootdir}/doc/${PACKAGE_TARNAME}'
dvidir='${docdir}'
exec_prefix='${prefix}'
host_alias=''
htmldir='${docdir}'
includedir='${prefix}/include'
infodir='${datarootdir}/info'
install_sh='${SHELL} /home/mig/Work/Interest/myPackages/virt-backup/install-sh'
libdir='${exec_prefix}/lib'
libexecdir='${exec_prefix}/libexec'
localedir='${datarootdir}/locale'
localstatedir='${prefix}/var'
mandir='${datarootdir}/man'
mkdir_p='/bin/mkdir -p'
oldincludedir='/usr/include'
pdfdir='${docdir}'
prefix='/home/mig/builder'
program_transform_name='s,x,x,'
psdir='${docdir}'
sbindir='${exec_prefix}/sbin'
sharedstatedir='${prefix}/com'
sysconfdir='${prefix}/etc'
target_alias=''

## ----------- ##
## confdefs.h. ##
## ----------- ##

/* confdefs.h */
#define PACKAGE_NAME "virt-backup"
#define PACKAGE_TARNAME "virt-backup"
#define PACKAGE_VERSION "0.0.1"
#define PACKAGE_STRING "virt-backup 0.0.1"
#define PACKAGE_BUGREPORT "minovotn@redhat.com"
#define PACKAGE_URL ""
#define PACKAGE "virt-backup"
#define VERSION "0.0.1"
#define HAVE_LIBVIRT 1
#define HAVE_LIBXML2 1
#define HAVE_LIBBLKID 1
#define HAVE_LIBLZMA 1
#define HAVE_LIBPCI 1
#define STDC_HEADERS 1
#define HAVE_SYS_TYPES_H 1
#define HAVE_SYS_STAT_H 1
#define HAVE_STDLIB_H 1
#define HAVE_STRING_H 1
#define HAVE_MEMORY_H 1
#define HAVE_STRINGS_H 1
#define HAVE_INTTYPES_H 1
#define HAVE_STDINT_H 1
#define HAVE_UNISTD_H 1

configure: exit 0
